This is pdfTeX, Version 3.14159265-2.6-1.40.17 (MiKTeX 2.9.6210 64-bit) (preloaded format=pdflatex 2018.10.1)  21 NOV 2018 19:16
entering extended mode
**./abbreviations.tex
(abbreviations.tex
LaTeX2e <2016/03/31> patch level 3
Babel <3.9r> and hyphenation patterns for 70 language(s) loaded.

! LaTeX Error: Missing \begin{document}.

See the LaTeX manual or LaTeX Companion for explanation.
Type  H <return>  for immediate help.
 ...                                              
                                                  
l.1 \begin{center}
                  
You're in trouble here.  Try typing  <return>  to proceed.
If that doesn't work, type  X <return>  to quit.


Overfull \hbox (20.0pt too wide) in paragraph at lines 1--1
[] 
 []

! Undefined control sequence.
l.2 		{\Large
              \bfseries  List of Abbreviations}	\
The control sequence at the end of the top line
of your error message was never \def'ed. If you have
misspelled it (e.g., `\hobx'), type `I' and the correct
spelling (e.g., `I\hbox'). Otherwise just continue,
and I'll forget about whatever was undefined.


Overfull \hbox (19.11932pt too wide) in paragraph at lines 2--3
 \OT1/cmr/bx/n/10 List 
 []


Overfull \hbox (9.26384pt too wide) in paragraph at lines 2--3
 \OT1/cmr/bx/n/10 of 
 []


Overfull \hbox (18.91656pt too wide) in paragraph at lines 2--3
 \OT1/cmr/bx/n/10 Ab- 
 []


Overfull \hbox (20.22908pt too wide) in paragraph at lines 2--3
 \OT1/cmr/bx/n/10 bre- 
 []


Overfull \hbox (13.09715pt too wide) in paragraph at lines 2--3
 \OT1/cmr/bx/n/10 vi- 
 []


Overfull \hbox (9.42354pt too wide) in paragraph at lines 2--3
 \OT1/cmr/bx/n/10 a- 
 []


Overfull \hbox (24.34152pt too wide) in paragraph at lines 2--3
 \OT1/cmr/bx/n/10 tions 
 []


! LaTeX Error: Environment table undefined.

See the LaTeX manual or LaTeX Companion for explanation.
Type  H <return>  for immediate help.
 ...                                              
                                                  
l.5 	\begin{table}
                  [h]
Your command was ignored.
Type  I <command> <return>  to replace it with another command,
or  <return>  to continue without it.

Missing character: There is no [ in font nullfont!
Missing character: There is no h in font nullfont!
Missing character: There is no ] in font nullfont!
LaTeX Font Info:    External font `cmex10' loaded for size
(Font)              <7> on input line 7.
LaTeX Font Info:    External font `cmex10' loaded for size
(Font)              <5> on input line 7.
Missing character: There is no . in font nullfont!
Missing character: There is no . in font nullfont!
Missing character: There is no . in font nullfont!
Missing character: There is no . in font nullfont!
Missing character: There is no . in font nullfont!
Missing character: There is no . in font nullfont!

! LaTeX Error: \begin{document} ended by \end{table}.

See the LaTeX manual or LaTeX Companion for explanation.
Type  H <return>  for immediate help.
 ...                                              
                                                  
l.11 	\end{table}
                 
Your command was ignored.
Type  I <command> <return>  to replace it with another command,
or  <return>  to continue without it.

)
! Emergency stop.
<*> ./abbreviations.tex
                       
*** (job aborted, no legal \end found)

 
Here is how much of TeX's memory you used:
 13 strings out of 493610
 183 string characters out of 3143583
 52924 words of memory out of 3000000
 3519 multiletter control sequences out of 15000+200000
 3948 words of font info for 15 fonts, out of 3000000 for 9000
 1025 hyphenation exceptions out of 8191
 19i,6n,12p,83b,104s stack positions out of 5000i,500n,10000p,200000b,50000s
!  ==> Fatal error occurred, no output PDF file produced!
